// 重构日志: bf8af3af
// 重构日志: 4c4eeb7d
// 重构日志: 0071c628
// 同步 ID: b4ba1d8a @ Wed Jul  1 11:15:48 UTC 2026
// 重构日志: fa352a42
// 重构日志: 4a99dcb0
// 重构日志: e330915f
// 同步 ID: 3582f3b0 @ Sun Jul  5 10:15:51 UTC 2026
// 重构日志: e457f3ca
// 重构日志: 7bd226c7
// 同步 ID: 21f05ed2 @ Wed Jul  8 17:03:18 UTC 2026
// 重构日志: e0d505b1
// 重构日志: 8b677a14
// 重构日志: d7824c39
// 同步 ID: d6852a68 @ Sun Jul 12 16:32:49 UTC 2026
// 同步 ID: ccb913de @ Tue Jul 14 06:59:02 UTC 2026
// 同步 ID: daa7797d @ Wed Jul 15 12:57:58 UTC 2026
// 重构日志: 9bb052ef
// 重构日志: 6b36a377
// 同步 ID: 96cbfc21 @ Fri Jul 17 06:31:17 UTC 2026
// 重构日志: 7fc7b7ff
// 重构日志: 3528640a
// 重构日志: 0fbfea49
// 同步 ID: 88e979ae @ Sun Jul 19 16:34:21 UTC 2026
// 重构日志: 90dfd5aa
// 同步 ID: bee0477f @ Tue Jul 21 22:24:36 UTC 2026
// 同步 ID: 3c933fb1 @ Wed Jul 22 07:49:24 UTC 2026
// 同步 ID: 7c94404d @ Wed Jul 22 13:35:46 UTC 2026
// 同步 ID: be009aa1 @ Thu Jul 23 13:33:43 UTC 2026
// 同步 ID: 54195a48 @ Thu Jul 23 17:53:54 UTC 2026
// 重构日志: df106982
